mode: set
joshsoftware/go-e-commerce/service/ping_http.go:15.61,19.16 3 0
joshsoftware/go-e-commerce/service/ping_http.go:24.2,25.21 2 0
joshsoftware/go-e-commerce/service/ping_http.go:19.16,22.3 2 0
joshsoftware/go-e-commerce/service/responce.go:28.78,30.16 2 1
joshsoftware/go-e-commerce/service/responce.go:36.2,38.21 3 1
joshsoftware/go-e-commerce/service/responce.go:30.16,34.3 3 0
joshsoftware/go-e-commerce/service/router.go:17.57,38.2 8 0
joshsoftware/go-e-commerce/service/router.go:41.75,42.74 1 0
joshsoftware/go-e-commerce/service/router.go:42.74,47.25 2 0
joshsoftware/go-e-commerce/service/router.go:58.3,58.100 1 0
joshsoftware/go-e-commerce/service/router.go:66.3,66.30 1 0
joshsoftware/go-e-commerce/service/router.go:47.25,54.4 2 0
joshsoftware/go-e-commerce/service/router.go:58.100,65.4 2 0
joshsoftware/go-e-commerce/service/router.go:70.107,73.16 2 0
joshsoftware/go-e-commerce/service/router.go:77.2,78.16 2 0
joshsoftware/go-e-commerce/service/router.go:82.2,82.18 1 0
joshsoftware/go-e-commerce/service/router.go:73.16,75.3 1 0
joshsoftware/go-e-commerce/service/router.go:78.16,80.3 1 0
joshsoftware/go-e-commerce/service/router.go:85.76,86.74 1 0
joshsoftware/go-e-commerce/service/router.go:86.74,92.22 3 0
joshsoftware/go-e-commerce/service/router.go:101.3,101.33 1 0
joshsoftware/go-e-commerce/service/router.go:109.3,109.30 1 0
joshsoftware/go-e-commerce/service/router.go:92.22,99.4 2 0
joshsoftware/go-e-commerce/service/router.go:101.33,108.4 2 0
joshsoftware/go-e-commerce/service/router.go:113.77,114.74 1 0
joshsoftware/go-e-commerce/service/router.go:114.74,119.34 3 0
joshsoftware/go-e-commerce/service/router.go:127.3,127.30 1 0
joshsoftware/go-e-commerce/service/router.go:119.34,126.4 2 0
joshsoftware/go-e-commerce/service/session_http.go:24.76,26.25 2 0
joshsoftware/go-e-commerce/service/session_http.go:31.2,38.16 7 0
joshsoftware/go-e-commerce/service/session_http.go:42.2,42.8 1 0
joshsoftware/go-e-commerce/service/session_http.go:26.25,29.3 2 0
joshsoftware/go-e-commerce/service/session_http.go:38.16,41.3 2 0
joshsoftware/go-e-commerce/service/session_http.go:48.59,49.74 1 0
joshsoftware/go-e-commerce/service/session_http.go:49.74,54.17 3 0
joshsoftware/go-e-commerce/service/session_http.go:66.3,67.17 2 0
joshsoftware/go-e-commerce/service/session_http.go:77.3,77.22 1 0
joshsoftware/go-e-commerce/service/session_http.go:88.3,89.17 2 0
joshsoftware/go-e-commerce/service/session_http.go:98.3,105.9 2 0
joshsoftware/go-e-commerce/service/session_http.go:54.17,62.4 3 0
joshsoftware/go-e-commerce/service/session_http.go:67.17,75.4 3 0
joshsoftware/go-e-commerce/service/session_http.go:77.22,84.4 2 0
joshsoftware/go-e-commerce/service/session_http.go:89.17,96.4 2 0
joshsoftware/go-e-commerce/service/session_http.go:111.56,112.74 1 0
joshsoftware/go-e-commerce/service/session_http.go:112.74,119.17 3 0
joshsoftware/go-e-commerce/service/session_http.go:127.3,138.17 4 0
joshsoftware/go-e-commerce/service/session_http.go:147.3,152.9 2 0
joshsoftware/go-e-commerce/service/session_http.go:119.17,126.4 2 0
joshsoftware/go-e-commerce/service/session_http.go:138.17,146.4 3 0
joshsoftware/go-e-commerce/service/session_http.go:156.101,159.77 2 0
joshsoftware/go-e-commerce/service/session_http.go:165.2,165.16 1 0
joshsoftware/go-e-commerce/service/session_http.go:170.2,172.25 2 0
joshsoftware/go-e-commerce/service/session_http.go:177.2,180.8 4 0
joshsoftware/go-e-commerce/service/session_http.go:159.77,160.58 1 0
joshsoftware/go-e-commerce/service/session_http.go:163.3,163.27 1 0
joshsoftware/go-e-commerce/service/session_http.go:160.58,162.4 1 0
joshsoftware/go-e-commerce/service/session_http.go:165.16,168.3 2 0
joshsoftware/go-e-commerce/service/session_http.go:172.25,175.3 2 0
joshsoftware/go-e-commerce/service/user_http.go:11.59,12.74 1 1
joshsoftware/go-e-commerce/service/user_http.go:12.74,14.17 2 1
joshsoftware/go-e-commerce/service/user_http.go:24.3,26.5 1 1
joshsoftware/go-e-commerce/service/user_http.go:14.17,22.4 3 0
joshsoftware/go-e-commerce/service/user_http.go:32.57,33.74 1 0
joshsoftware/go-e-commerce/service/user_http.go:33.74,37.17 3 0
joshsoftware/go-e-commerce/service/user_http.go:46.3,48.17 3 0
joshsoftware/go-e-commerce/service/user_http.go:58.3,60.5 1 0
joshsoftware/go-e-commerce/service/user_http.go:37.17,44.4 2 0
joshsoftware/go-e-commerce/service/user_http.go:48.17,56.4 3 0
