mode: set
joshsoftware/go-e-commerce/service/router.go:17.57,35.2 10 0
joshsoftware/go-e-commerce/service/filters_http.go:26.69,27.74 1 0
joshsoftware/go-e-commerce/service/filters_http.go:27.74,44.18 9 0
joshsoftware/go-e-commerce/service/filters_http.go:49.3,49.17 1 0
joshsoftware/go-e-commerce/service/filters_http.go:53.3,54.17 2 0
joshsoftware/go-e-commerce/service/filters_http.go:65.3,66.17 2 0
joshsoftware/go-e-commerce/service/filters_http.go:78.3,78.25 1 0
joshsoftware/go-e-commerce/service/filters_http.go:91.3,91.30 1 0
joshsoftware/go-e-commerce/service/filters_http.go:95.3,95.25 1 0
joshsoftware/go-e-commerce/service/filters_http.go:99.3,99.25 1 0
joshsoftware/go-e-commerce/service/filters_http.go:103.3,103.24 1 0
joshsoftware/go-e-commerce/service/filters_http.go:107.3,107.25 1 0
joshsoftware/go-e-commerce/service/filters_http.go:111.3,112.17 2 0
joshsoftware/go-e-commerce/service/filters_http.go:123.3,123.41 1 0
joshsoftware/go-e-commerce/service/filters_http.go:133.3,137.17 4 0
joshsoftware/go-e-commerce/service/filters_http.go:147.3,150.17 3 0
joshsoftware/go-e-commerce/service/filters_http.go:161.3,163.22 3 0
joshsoftware/go-e-commerce/service/filters_http.go:44.18,46.4 1 0
joshsoftware/go-e-commerce/service/filters_http.go:49.17,51.4 1 0
joshsoftware/go-e-commerce/service/filters_http.go:54.17,63.4 4 0
joshsoftware/go-e-commerce/service/filters_http.go:66.17,75.4 4 0
joshsoftware/go-e-commerce/service/filters_http.go:78.25,88.4 5 0
joshsoftware/go-e-commerce/service/filters_http.go:91.30,93.4 1 0
joshsoftware/go-e-commerce/service/filters_http.go:95.25,97.4 1 0
joshsoftware/go-e-commerce/service/filters_http.go:99.25,101.4 1 0
joshsoftware/go-e-commerce/service/filters_http.go:103.24,105.4 1 0
joshsoftware/go-e-commerce/service/filters_http.go:107.25,109.4 1 0
joshsoftware/go-e-commerce/service/filters_http.go:112.17,121.4 4 0
joshsoftware/go-e-commerce/service/filters_http.go:123.41,131.4 3 0
joshsoftware/go-e-commerce/service/filters_http.go:137.17,146.4 4 0
joshsoftware/go-e-commerce/service/filters_http.go:150.17,159.4 4 0
joshsoftware/go-e-commerce/service/ping_http.go:14.61,18.16 3 0
joshsoftware/go-e-commerce/service/ping_http.go:23.2,24.21 2 0
joshsoftware/go-e-commerce/service/ping_http.go:18.16,21.3 2 0
joshsoftware/go-e-commerce/service/product_http.go:21.62,22.74 1 1
joshsoftware/go-e-commerce/service/product_http.go:22.74,27.18 3 1
joshsoftware/go-e-commerce/service/product_http.go:31.3,31.17 1 1
joshsoftware/go-e-commerce/service/product_http.go:35.3,36.17 2 1
joshsoftware/go-e-commerce/service/product_http.go:47.3,48.17 2 1
joshsoftware/go-e-commerce/service/product_http.go:60.3,60.25 1 1
joshsoftware/go-e-commerce/service/product_http.go:72.3,73.17 2 1
joshsoftware/go-e-commerce/service/product_http.go:84.3,84.41 1 1
joshsoftware/go-e-commerce/service/product_http.go:94.3,98.17 4 1
joshsoftware/go-e-commerce/service/product_http.go:109.3,112.17 3 1
joshsoftware/go-e-commerce/service/product_http.go:123.3,125.22 3 1
joshsoftware/go-e-commerce/service/product_http.go:27.18,29.4 1 0
joshsoftware/go-e-commerce/service/product_http.go:31.17,33.4 1 0
joshsoftware/go-e-commerce/service/product_http.go:36.17,45.4 4 0
joshsoftware/go-e-commerce/service/product_http.go:48.17,57.4 4 0
joshsoftware/go-e-commerce/service/product_http.go:60.25,70.4 5 0
joshsoftware/go-e-commerce/service/product_http.go:73.17,82.4 4 0
joshsoftware/go-e-commerce/service/product_http.go:84.41,92.4 3 0
joshsoftware/go-e-commerce/service/product_http.go:98.17,107.4 4 1
joshsoftware/go-e-commerce/service/product_http.go:112.17,121.4 4 0
joshsoftware/go-e-commerce/service/product_http.go:136.64,137.74 1 1
joshsoftware/go-e-commerce/service/product_http.go:137.74,141.17 3 1
joshsoftware/go-e-commerce/service/product_http.go:152.3,153.17 2 1
joshsoftware/go-e-commerce/service/product_http.go:164.3,165.17 2 1
joshsoftware/go-e-commerce/service/product_http.go:175.3,176.9 2 1
joshsoftware/go-e-commerce/service/product_http.go:141.17,150.4 4 0
joshsoftware/go-e-commerce/service/product_http.go:153.17,162.4 4 1
joshsoftware/go-e-commerce/service/product_http.go:165.17,174.4 4 0
joshsoftware/go-e-commerce/service/product_http.go:186.63,187.74 1 1
joshsoftware/go-e-commerce/service/product_http.go:187.74,191.17 3 1
joshsoftware/go-e-commerce/service/product_http.go:202.3,203.13 2 1
joshsoftware/go-e-commerce/service/product_http.go:218.3,220.17 3 1
joshsoftware/go-e-commerce/service/product_http.go:230.3,231.9 2 1
joshsoftware/go-e-commerce/service/product_http.go:191.17,200.4 4 0
joshsoftware/go-e-commerce/service/product_http.go:203.13,205.18 2 0
joshsoftware/go-e-commerce/service/product_http.go:214.4,215.10 2 0
joshsoftware/go-e-commerce/service/product_http.go:205.18,213.5 3 0
joshsoftware/go-e-commerce/service/product_http.go:220.17,229.4 4 1
joshsoftware/go-e-commerce/service/product_http.go:242.67,243.74 1 0
joshsoftware/go-e-commerce/service/product_http.go:243.74,247.17 3 0
joshsoftware/go-e-commerce/service/product_http.go:258.3,259.17 2 0
joshsoftware/go-e-commerce/service/product_http.go:270.3,272.9 3 0
joshsoftware/go-e-commerce/service/product_http.go:247.17,256.4 4 0
joshsoftware/go-e-commerce/service/product_http.go:259.17,268.4 4 0
joshsoftware/go-e-commerce/service/product_http.go:282.72,283.74 1 0
joshsoftware/go-e-commerce/service/product_http.go:283.74,292.29 5 0
joshsoftware/go-e-commerce/service/product_http.go:303.3,305.32 2 0
joshsoftware/go-e-commerce/service/product_http.go:316.3,318.17 3 0
joshsoftware/go-e-commerce/service/product_http.go:330.3,334.13 3 0
joshsoftware/go-e-commerce/service/product_http.go:349.3,351.17 3 0
joshsoftware/go-e-commerce/service/product_http.go:362.3,363.9 2 0
joshsoftware/go-e-commerce/service/product_http.go:292.29,301.4 4 0
joshsoftware/go-e-commerce/service/product_http.go:305.32,314.4 4 0
joshsoftware/go-e-commerce/service/product_http.go:318.17,327.4 4 0
joshsoftware/go-e-commerce/service/product_http.go:334.13,336.18 2 0
joshsoftware/go-e-commerce/service/product_http.go:345.4,346.10 2 0
joshsoftware/go-e-commerce/service/product_http.go:336.18,344.5 3 0
joshsoftware/go-e-commerce/service/product_http.go:351.17,360.4 4 0
joshsoftware/go-e-commerce/service/response.go:21.77,23.16 2 1
joshsoftware/go-e-commerce/service/response.go:29.2,31.21 3 1
joshsoftware/go-e-commerce/service/response.go:23.16,27.3 3 0
